mode: set
github.com/SirsiMaster/sirsi-pantheon/internal/ka/scanner.go:147.28,163.2 3 1
github.com/SirsiMaster/sirsi-pantheon/internal/ka/scanner.go:166.58,171.16 4 1
github.com/SirsiMaster/sirsi-pantheon/internal/ka/scanner.go:171.16,173.3 1 1
github.com/SirsiMaster/sirsi-pantheon/internal/ka/scanner.go:175.2,175.47 1 1
github.com/SirsiMaster/sirsi-pantheon/internal/ka/scanner.go:180.59,186.51 4 1
github.com/SirsiMaster/sirsi-pantheon/internal/ka/scanner.go:186.51,188.3 1 0
github.com/SirsiMaster/sirsi-pantheon/internal/ka/scanner.go:189.2,196.26 4 1
github.com/SirsiMaster/sirsi-pantheon/internal/ka/scanner.go:196.26,200.3 2 1
github.com/SirsiMaster/sirsi-pantheon/internal/ka/scanner.go:200.8,203.13 2 1
github.com/SirsiMaster/sirsi-pantheon/internal/ka/scanner.go:203.13,208.4 4 1
github.com/SirsiMaster/sirsi-pantheon/internal/ka/scanner.go:209.3,210.9 2 1
github.com/SirsiMaster/sirsi-pantheon/internal/ka/scanner.go:214.2,218.20 4 1
github.com/SirsiMaster/sirsi-pantheon/internal/ka/scanner.go:222.86,226.36 3 1
github.com/SirsiMaster/sirsi-pantheon/internal/ka/scanner.go:226.36,228.17 2 1
github.com/SirsiMaster/sirsi-pantheon/internal/ka/scanner.go:228.17,229.12 1 1
github.com/SirsiMaster/sirsi-pantheon/internal/ka/scanner.go:231.3,232.17 2 1
github.com/SirsiMaster/sirsi-pantheon/internal/ka/scanner.go:235.2,235.38 1 1
github.com/SirsiMaster/sirsi-pantheon/internal/ka/scanner.go:239.50,240.32 1 1
github.com/SirsiMaster/sirsi-pantheon/internal/ka/scanner.go:240.32,242.17 2 1
github.com/SirsiMaster/sirsi-pantheon/internal/ka/scanner.go:242.17,243.12 1 1
github.com/SirsiMaster/sirsi-pantheon/internal/ka/scanner.go:246.3,246.33 1 1
github.com/SirsiMaster/sirsi-pantheon/internal/ka/scanner.go:246.33,247.48 1 1
github.com/SirsiMaster/sirsi-pantheon/internal/ka/scanner.go:247.48,248.13 1 1
github.com/SirsiMaster/sirsi-pantheon/internal/ka/scanner.go:251.4,257.18 5 1
github.com/SirsiMaster/sirsi-pantheon/internal/ka/scanner.go:257.18,258.13 1 0
github.com/SirsiMaster/sirsi-pantheon/internal/ka/scanner.go:260.4,260.22 1 1
github.com/SirsiMaster/sirsi-pantheon/internal/ka/scanner.go:260.22,263.5 2 1
github.com/SirsiMaster/sirsi-pantheon/internal/ka/scanner.go:268.2,268.17 1 1
github.com/SirsiMaster/sirsi-pantheon/internal/ka/scanner.go:268.17,270.3 1 1
github.com/SirsiMaster/sirsi-pantheon/internal/ka/scanner.go:272.2,272.12 1 1
github.com/SirsiMaster/sirsi-pantheon/internal/ka/scanner.go:276.74,280.17 3 1
github.com/SirsiMaster/sirsi-pantheon/internal/ka/scanner.go:280.17,282.3 1 1
github.com/SirsiMaster/sirsi-pantheon/internal/ka/scanner.go:284.2,284.32 1 1
github.com/SirsiMaster/sirsi-pantheon/internal/ka/scanner.go:284.32,287.17 3 1
github.com/SirsiMaster/sirsi-pantheon/internal/ka/scanner.go:287.17,288.12 1 1
github.com/SirsiMaster/sirsi-pantheon/internal/ka/scanner.go:291.3,291.33 1 1
github.com/SirsiMaster/sirsi-pantheon/internal/ka/scanner.go:291.33,295.22 3 1
github.com/SirsiMaster/sirsi-pantheon/internal/ka/scanner.go:295.22,296.13 1 0
github.com/SirsiMaster/sirsi-pantheon/internal/ka/scanner.go:300.4,300.34 1 1
github.com/SirsiMaster/sirsi-pantheon/internal/ka/scanner.go:300.34,301.13 1 0
github.com/SirsiMaster/sirsi-pantheon/internal/ka/scanner.go:305.4,305.37 1 1
github.com/SirsiMaster/sirsi-pantheon/internal/ka/scanner.go:305.37,306.13 1 1
github.com/SirsiMaster/sirsi-pantheon/internal/ka/scanner.go:309.4,314.18 5 1
github.com/SirsiMaster/sirsi-pantheon/internal/ka/scanner.go:314.18,315.13 1 0
github.com/SirsiMaster/sirsi-pantheon/internal/ka/scanner.go:317.4,317.20 1 1
github.com/SirsiMaster/sirsi-pantheon/internal/ka/scanner.go:317.20,318.26 1 1
github.com/SirsiMaster/sirsi-pantheon/internal/ka/scanner.go:318.26,321.6 1 1
github.com/SirsiMaster/sirsi-pantheon/internal/ka/scanner.go:321.11,324.6 1 0
github.com/SirsiMaster/sirsi-pantheon/internal/ka/scanner.go:325.10,327.5 1 1
github.com/SirsiMaster/sirsi-pantheon/internal/ka/scanner.go:329.4,329.17 1 1
github.com/SirsiMaster/sirsi-pantheon/internal/ka/scanner.go:329.17,330.13 1 0
github.com/SirsiMaster/sirsi-pantheon/internal/ka/scanner.go:333.4,342.59 2 1
github.com/SirsiMaster/sirsi-pantheon/internal/ka/scanner.go:346.2,346.16 1 1
github.com/SirsiMaster/sirsi-pantheon/internal/ka/scanner.go:350.56,356.16 5 1
github.com/SirsiMaster/sirsi-pantheon/internal/ka/scanner.go:356.16,358.3 1 0
github.com/SirsiMaster/sirsi-pantheon/internal/ka/scanner.go:360.2,364.21 4 1
github.com/SirsiMaster/sirsi-pantheon/internal/ka/scanner.go:364.21,367.44 2 1
github.com/SirsiMaster/sirsi-pantheon/internal/ka/scanner.go:367.44,369.4 1 1
github.com/SirsiMaster/sirsi-pantheon/internal/ka/scanner.go:370.3,370.39 1 1
github.com/SirsiMaster/sirsi-pantheon/internal/ka/scanner.go:370.39,372.4 1 1
github.com/SirsiMaster/sirsi-pantheon/internal/ka/scanner.go:375.3,375.47 1 1
github.com/SirsiMaster/sirsi-pantheon/internal/ka/scanner.go:375.47,376.46 1 1
github.com/SirsiMaster/sirsi-pantheon/internal/ka/scanner.go:376.46,377.59 1 1
github.com/SirsiMaster/sirsi-pantheon/internal/ka/scanner.go:377.59,379.41 1 1
github.com/SirsiMaster/sirsi-pantheon/internal/ka/scanner.go:379.41,381.7 1 1
github.com/SirsiMaster/sirsi-pantheon/internal/ka/scanner.go:384.4,385.20 2 1
github.com/SirsiMaster/sirsi-pantheon/internal/ka/scanner.go:389.2,389.15 1 1
github.com/SirsiMaster/sirsi-pantheon/internal/ka/scanner.go:393.97,398.43 3 1
github.com/SirsiMaster/sirsi-pantheon/internal/ka/scanner.go:398.43,407.31 2 1
github.com/SirsiMaster/sirsi-pantheon/internal/ka/scanner.go:407.31,410.4 2 1
github.com/SirsiMaster/sirsi-pantheon/internal/ka/scanner.go:412.3,413.24 2 1
github.com/SirsiMaster/sirsi-pantheon/internal/ka/scanner.go:417.2,417.33 1 1
github.com/SirsiMaster/sirsi-pantheon/internal/ka/scanner.go:417.33,418.21 1 1
github.com/SirsiMaster/sirsi-pantheon/internal/ka/scanner.go:418.21,419.12 1 1
github.com/SirsiMaster/sirsi-pantheon/internal/ka/scanner.go:421.3,426.5 1 1
github.com/SirsiMaster/sirsi-pantheon/internal/ka/scanner.go:429.2,429.15 1 1
github.com/SirsiMaster/sirsi-pantheon/internal/ka/scanner.go:433.63,435.31 1 1
github.com/SirsiMaster/sirsi-pantheon/internal/ka/scanner.go:435.31,437.3 1 1
github.com/SirsiMaster/sirsi-pantheon/internal/ka/scanner.go:440.2,442.42 2 1
github.com/SirsiMaster/sirsi-pantheon/internal/ka/scanner.go:442.42,443.45 1 1
github.com/SirsiMaster/sirsi-pantheon/internal/ka/scanner.go:443.45,445.4 1 1
github.com/SirsiMaster/sirsi-pantheon/internal/ka/scanner.go:448.2,448.14 1 1
github.com/SirsiMaster/sirsi-pantheon/internal/ka/scanner.go:452.56,455.16 2 1
github.com/SirsiMaster/sirsi-pantheon/internal/ka/scanner.go:455.16,457.3 1 0
github.com/SirsiMaster/sirsi-pantheon/internal/ka/scanner.go:459.2,461.16 3 1
github.com/SirsiMaster/sirsi-pantheon/internal/ka/scanner.go:461.16,464.3 2 1
github.com/SirsiMaster/sirsi-pantheon/internal/ka/scanner.go:466.2,467.21 2 1
github.com/SirsiMaster/sirsi-pantheon/internal/ka/scanner.go:467.21,469.17 2 1
github.com/SirsiMaster/sirsi-pantheon/internal/ka/scanner.go:469.17,472.4 2 1
github.com/SirsiMaster/sirsi-pantheon/internal/ka/scanner.go:475.2,475.14 1 1
github.com/SirsiMaster/sirsi-pantheon/internal/ka/scanner.go:481.45,483.47 1 1
github.com/SirsiMaster/sirsi-pantheon/internal/ka/scanner.go:483.47,485.3 1 1
github.com/SirsiMaster/sirsi-pantheon/internal/ka/scanner.go:489.2,496.40 2 1
github.com/SirsiMaster/sirsi-pantheon/internal/ka/scanner.go:496.40,497.42 1 1
github.com/SirsiMaster/sirsi-pantheon/internal/ka/scanner.go:497.42,499.4 1 1
github.com/SirsiMaster/sirsi-pantheon/internal/ka/scanner.go:502.2,502.14 1 1
github.com/SirsiMaster/sirsi-pantheon/internal/ka/scanner.go:510.42,516.34 3 1
github.com/SirsiMaster/sirsi-pantheon/internal/ka/scanner.go:516.34,518.3 1 1
github.com/SirsiMaster/sirsi-pantheon/internal/ka/scanner.go:521.2,525.20 3 1
github.com/SirsiMaster/sirsi-pantheon/internal/ka/scanner.go:525.20,527.3 1 0
github.com/SirsiMaster/sirsi-pantheon/internal/ka/scanner.go:530.2,531.39 2 1
github.com/SirsiMaster/sirsi-pantheon/internal/ka/scanner.go:531.39,532.25 1 1
github.com/SirsiMaster/sirsi-pantheon/internal/ka/scanner.go:532.25,534.4 1 1
github.com/SirsiMaster/sirsi-pantheon/internal/ka/scanner.go:537.2,537.11 1 1
github.com/SirsiMaster/sirsi-pantheon/internal/ka/scanner.go:541.43,543.20 2 1
github.com/SirsiMaster/sirsi-pantheon/internal/ka/scanner.go:543.20,545.3 1 1
github.com/SirsiMaster/sirsi-pantheon/internal/ka/scanner.go:548.2,554.19 3 1
github.com/SirsiMaster/sirsi-pantheon/internal/ka/scanner.go:554.19,556.3 1 1
github.com/SirsiMaster/sirsi-pantheon/internal/ka/scanner.go:558.2,558.13 1 1
github.com/SirsiMaster/sirsi-pantheon/internal/ka/scanner.go:563.53,564.35 1 1
github.com/SirsiMaster/sirsi-pantheon/internal/ka/scanner.go:564.35,566.3 1 1
github.com/SirsiMaster/sirsi-pantheon/internal/ka/scanner.go:567.2,567.13 1 1
github.com/SirsiMaster/sirsi-pantheon/internal/ka/scanner.go:571.47,574.75 3 1
github.com/SirsiMaster/sirsi-pantheon/internal/ka/scanner.go:574.75,575.17 1 1
github.com/SirsiMaster/sirsi-pantheon/internal/ka/scanner.go:575.17,577.4 1 1
github.com/SirsiMaster/sirsi-pantheon/internal/ka/scanner.go:578.3,578.17 1 1
github.com/SirsiMaster/sirsi-pantheon/internal/ka/scanner.go:578.17,580.41 2 1
github.com/SirsiMaster/sirsi-pantheon/internal/ka/scanner.go:580.41,582.5 1 1
github.com/SirsiMaster/sirsi-pantheon/internal/ka/scanner.go:584.3,584.13 1 1
github.com/SirsiMaster/sirsi-pantheon/internal/ka/scanner.go:586.2,586.25 1 1
