mode: set
github.com/SirsiMaster/sirsi-pantheon/internal/scales/enforce.go:21.66,25.2 3 1
github.com/SirsiMaster/sirsi-pantheon/internal/scales/enforce.go:27.57,31.2 3 1
github.com/SirsiMaster/sirsi-pantheon/internal/scales/enforce.go:34.42,38.3 3 0
github.com/SirsiMaster/sirsi-pantheon/internal/scales/enforce.go:39.36,43.3 3 0
github.com/SirsiMaster/sirsi-pantheon/internal/scales/enforce.go:51.3,56.2 4 1
github.com/SirsiMaster/sirsi-pantheon/internal/scales/enforce.go:58.39,62.2 3 1
github.com/SirsiMaster/sirsi-pantheon/internal/scales/enforce.go:64.33,68.2 3 1
github.com/SirsiMaster/sirsi-pantheon/internal/scales/enforce.go:104.45,114.16 6 1
github.com/SirsiMaster/sirsi-pantheon/internal/scales/enforce.go:114.16,116.3 1 0
github.com/SirsiMaster/sirsi-pantheon/internal/scales/enforce.go:118.2,124.16 5 1
github.com/SirsiMaster/sirsi-pantheon/internal/scales/enforce.go:124.16,126.3 1 1
github.com/SirsiMaster/sirsi-pantheon/internal/scales/enforce.go:128.2,128.21 1 1
github.com/SirsiMaster/sirsi-pantheon/internal/scales/enforce.go:132.53,135.16 3 1
github.com/SirsiMaster/sirsi-pantheon/internal/scales/enforce.go:135.16,137.3 1 1
github.com/SirsiMaster/sirsi-pantheon/internal/scales/enforce.go:139.2,139.49 1 1
github.com/SirsiMaster/sirsi-pantheon/internal/scales/enforce.go:143.77,150.36 2 1
github.com/SirsiMaster/sirsi-pantheon/internal/scales/enforce.go:150.36,154.10 3 1
github.com/SirsiMaster/sirsi-pantheon/internal/scales/enforce.go:155.23,156.19 1 1
github.com/SirsiMaster/sirsi-pantheon/internal/scales/enforce.go:157.41,158.21 1 1
github.com/SirsiMaster/sirsi-pantheon/internal/scales/enforce.go:159.41,161.30 2 1
github.com/SirsiMaster/sirsi-pantheon/internal/scales/enforce.go:165.2,165.15 1 1
github.com/SirsiMaster/sirsi-pantheon/internal/scales/enforce.go:169.66,172.21 2 1
github.com/SirsiMaster/sirsi-pantheon/internal/scales/enforce.go:173.20,174.29 1 1
github.com/SirsiMaster/sirsi-pantheon/internal/scales/enforce.go:175.23,176.39 1 1
github.com/SirsiMaster/sirsi-pantheon/internal/scales/enforce.go:177.21,178.37 1 1
github.com/SirsiMaster/sirsi-pantheon/internal/scales/enforce.go:179.10,186.4 1 1
github.com/SirsiMaster/sirsi-pantheon/internal/scales/enforce.go:190.2,207.14 4 1
github.com/SirsiMaster/sirsi-pantheon/internal/scales/enforce.go:207.14,210.3 1 1
github.com/SirsiMaster/sirsi-pantheon/internal/scales/enforce.go:210.8,212.3 1 1
github.com/SirsiMaster/sirsi-pantheon/internal/scales/enforce.go:214.2,214.16 1 1
github.com/SirsiMaster/sirsi-pantheon/internal/scales/enforce.go:218.60,219.12 1 1
github.com/SirsiMaster/sirsi-pantheon/internal/scales/enforce.go:220.12,221.28 1 1
github.com/SirsiMaster/sirsi-pantheon/internal/scales/enforce.go:222.12,223.28 1 1
github.com/SirsiMaster/sirsi-pantheon/internal/scales/enforce.go:224.13,225.29 1 1
github.com/SirsiMaster/sirsi-pantheon/internal/scales/enforce.go:226.13,227.29 1 1
github.com/SirsiMaster/sirsi-pantheon/internal/scales/enforce.go:228.12,229.29 1 1
github.com/SirsiMaster/sirsi-pantheon/internal/scales/enforce.go:230.10,231.15 1 1
github.com/SirsiMaster/sirsi-pantheon/internal/scales/enforce.go:236.38,238.15 2 1
github.com/SirsiMaster/sirsi-pantheon/internal/scales/enforce.go:238.15,239.21 1 1
github.com/SirsiMaster/sirsi-pantheon/internal/scales/enforce.go:240.21,241.19 1 1
github.com/SirsiMaster/sirsi-pantheon/internal/scales/enforce.go:242.21,243.16 1 1
github.com/SirsiMaster/sirsi-pantheon/internal/scales/enforce.go:246.2,246.46 1 1
github.com/SirsiMaster/sirsi-pantheon/internal/scales/policy.go:64.55,66.16 2 1
github.com/SirsiMaster/sirsi-pantheon/internal/scales/policy.go:66.16,68.3 1 1
github.com/SirsiMaster/sirsi-pantheon/internal/scales/policy.go:70.2,70.26 1 1
github.com/SirsiMaster/sirsi-pantheon/internal/scales/policy.go:74.52,76.50 2 1
github.com/SirsiMaster/sirsi-pantheon/internal/scales/policy.go:76.50,78.3 1 1
github.com/SirsiMaster/sirsi-pantheon/internal/scales/policy.go:81.2,81.48 1 1
github.com/SirsiMaster/sirsi-pantheon/internal/scales/policy.go:81.48,83.3 1 1
github.com/SirsiMaster/sirsi-pantheon/internal/scales/policy.go:85.2,85.17 1 1
github.com/SirsiMaster/sirsi-pantheon/internal/scales/policy.go:89.52,91.16 2 1
github.com/SirsiMaster/sirsi-pantheon/internal/scales/policy.go:91.16,96.3 1 1
github.com/SirsiMaster/sirsi-pantheon/internal/scales/policy.go:98.2,98.29 1 1
github.com/SirsiMaster/sirsi-pantheon/internal/scales/policy.go:111.47,112.27 1 1
github.com/SirsiMaster/sirsi-pantheon/internal/scales/policy.go:112.27,114.3 1 1
github.com/SirsiMaster/sirsi-pantheon/internal/scales/policy.go:115.2,115.12 1 1
github.com/SirsiMaster/sirsi-pantheon/internal/scales/policy.go:119.57,122.32 2 1
github.com/SirsiMaster/sirsi-pantheon/internal/scales/policy.go:122.32,123.19 1 1
github.com/SirsiMaster/sirsi-pantheon/internal/scales/policy.go:123.19,129.4 1 1
github.com/SirsiMaster/sirsi-pantheon/internal/scales/policy.go:131.3,131.24 1 1
github.com/SirsiMaster/sirsi-pantheon/internal/scales/policy.go:131.24,136.4 1 1
github.com/SirsiMaster/sirsi-pantheon/internal/scales/policy.go:138.3,139.29 2 1
github.com/SirsiMaster/sirsi-pantheon/internal/scales/policy.go:139.29,141.18 1 1
github.com/SirsiMaster/sirsi-pantheon/internal/scales/policy.go:141.18,142.22 1 1
github.com/SirsiMaster/sirsi-pantheon/internal/scales/policy.go:142.22,149.6 1 1
github.com/SirsiMaster/sirsi-pantheon/internal/scales/policy.go:150.5,150.25 1 1
github.com/SirsiMaster/sirsi-pantheon/internal/scales/policy.go:154.4,154.36 1 1
github.com/SirsiMaster/sirsi-pantheon/internal/scales/policy.go:154.36,161.5 1 1
github.com/SirsiMaster/sirsi-pantheon/internal/scales/policy.go:164.4,164.36 1 1
github.com/SirsiMaster/sirsi-pantheon/internal/scales/policy.go:164.36,171.5 1 1
github.com/SirsiMaster/sirsi-pantheon/internal/scales/policy.go:174.4,174.32 1 1
github.com/SirsiMaster/sirsi-pantheon/internal/scales/policy.go:174.32,181.5 1 1
github.com/SirsiMaster/sirsi-pantheon/internal/scales/policy.go:185.2,185.13 1 1
github.com/SirsiMaster/sirsi-pantheon/internal/scales/policy.go:188.38,189.12 1 1
github.com/SirsiMaster/sirsi-pantheon/internal/scales/policy.go:190.38,191.14 1 1
github.com/SirsiMaster/sirsi-pantheon/internal/scales/policy.go:193.2,193.14 1 1
github.com/SirsiMaster/sirsi-pantheon/internal/scales/policy.go:196.39,197.11 1 1
github.com/SirsiMaster/sirsi-pantheon/internal/scales/policy.go:198.48,199.14 1 1
github.com/SirsiMaster/sirsi-pantheon/internal/scales/policy.go:201.2,201.14 1 1
github.com/SirsiMaster/sirsi-pantheon/internal/scales/policy.go:204.35,205.11 1 1
github.com/SirsiMaster/sirsi-pantheon/internal/scales/policy.go:206.52,207.14 1 1
github.com/SirsiMaster/sirsi-pantheon/internal/scales/policy.go:209.2,209.14 1 1
github.com/SirsiMaster/sirsi-pantheon/internal/scales/policy.go:213.48,214.36 1 1
github.com/SirsiMaster/sirsi-pantheon/internal/scales/policy.go:215.12,216.31 1 1
github.com/SirsiMaster/sirsi-pantheon/internal/scales/policy.go:217.12,218.38 1 1
github.com/SirsiMaster/sirsi-pantheon/internal/scales/policy.go:219.12,220.45 1 1
github.com/SirsiMaster/sirsi-pantheon/internal/scales/policy.go:221.12,222.52 1 1
github.com/SirsiMaster/sirsi-pantheon/internal/scales/policy.go:223.10,224.24 1 1
github.com/SirsiMaster/sirsi-pantheon/internal/scales/policy.go:229.34,284.2 1 1
