mode: set
github.com/SirsiMaster/sirsi-pantheon/internal/scarab/containers.go:34.49,36.2 1 1
github.com/SirsiMaster/sirsi-pantheon/internal/scarab/containers.go:40.72,45.16 3 1
github.com/SirsiMaster/sirsi-pantheon/internal/scarab/containers.go:45.16,47.3 1 1
github.com/SirsiMaster/sirsi-pantheon/internal/scarab/containers.go:48.2,56.12 6 1
github.com/SirsiMaster/sirsi-pantheon/internal/scarab/containers.go:56.12,61.3 4 1
github.com/SirsiMaster/sirsi-pantheon/internal/scarab/containers.go:62.2,62.12 1 1
github.com/SirsiMaster/sirsi-pantheon/internal/scarab/containers.go:62.12,67.3 4 1
github.com/SirsiMaster/sirsi-pantheon/internal/scarab/containers.go:68.2,68.12 1 1
github.com/SirsiMaster/sirsi-pantheon/internal/scarab/containers.go:68.12,73.3 4 1
github.com/SirsiMaster/sirsi-pantheon/internal/scarab/containers.go:74.2,77.18 2 1
github.com/SirsiMaster/sirsi-pantheon/internal/scarab/containers.go:77.18,78.78 1 1
github.com/SirsiMaster/sirsi-pantheon/internal/scarab/containers.go:78.78,80.16 2 1
github.com/SirsiMaster/sirsi-pantheon/internal/scarab/containers.go:80.16,81.13 1 0
github.com/SirsiMaster/sirsi-pantheon/internal/scarab/containers.go:83.4,83.17 1 1
github.com/SirsiMaster/sirsi-pantheon/internal/scarab/containers.go:83.17,85.5 1 1
github.com/SirsiMaster/sirsi-pantheon/internal/scarab/containers.go:85.10,87.5 1 1
github.com/SirsiMaster/sirsi-pantheon/internal/scarab/containers.go:88.4,88.51 1 1
github.com/SirsiMaster/sirsi-pantheon/internal/scarab/containers.go:92.2,92.19 1 1
github.com/SirsiMaster/sirsi-pantheon/internal/scarab/containers.go:92.19,94.3 1 1
github.com/SirsiMaster/sirsi-pantheon/internal/scarab/containers.go:96.2,96.19 1 1
github.com/SirsiMaster/sirsi-pantheon/internal/scarab/containers.go:96.19,98.3 1 1
github.com/SirsiMaster/sirsi-pantheon/internal/scarab/containers.go:100.2,100.19 1 1
github.com/SirsiMaster/sirsi-pantheon/internal/scarab/containers.go:104.49,105.16 1 1
github.com/SirsiMaster/sirsi-pantheon/internal/scarab/containers.go:105.16,107.3 1 1
github.com/SirsiMaster/sirsi-pantheon/internal/scarab/containers.go:108.2,109.20 2 1
github.com/SirsiMaster/sirsi-pantheon/internal/scarab/containers.go:109.20,111.3 1 1
github.com/SirsiMaster/sirsi-pantheon/internal/scarab/containers.go:112.2,119.21 2 1
github.com/SirsiMaster/sirsi-pantheon/internal/scarab/containers.go:119.21,121.3 1 1
github.com/SirsiMaster/sirsi-pantheon/internal/scarab/containers.go:122.2,122.10 1 1
github.com/SirsiMaster/sirsi-pantheon/internal/scarab/containers.go:126.39,127.13 1 1
github.com/SirsiMaster/sirsi-pantheon/internal/scarab/containers.go:127.13,129.3 1 1
github.com/SirsiMaster/sirsi-pantheon/internal/scarab/containers.go:130.2,131.46 2 1
github.com/SirsiMaster/sirsi-pantheon/internal/scarab/containers.go:131.46,132.36 1 1
github.com/SirsiMaster/sirsi-pantheon/internal/scarab/containers.go:132.36,134.4 1 1
github.com/SirsiMaster/sirsi-pantheon/internal/scarab/containers.go:136.2,136.14 1 1
github.com/SirsiMaster/sirsi-pantheon/internal/scarab/containers.go:140.48,141.15 1 1
github.com/SirsiMaster/sirsi-pantheon/internal/scarab/containers.go:141.15,143.3 1 1
github.com/SirsiMaster/sirsi-pantheon/internal/scarab/containers.go:144.2,144.41 1 1
github.com/SirsiMaster/sirsi-pantheon/internal/scarab/discovery.go:22.44,24.23 2 1
github.com/SirsiMaster/sirsi-pantheon/internal/scarab/discovery.go:25.17,26.35 1 1
github.com/SirsiMaster/sirsi-pantheon/internal/scarab/discovery.go:27.16,28.35 1 0
github.com/SirsiMaster/sirsi-pantheon/internal/scarab/discovery.go:29.11,30.44 1 0
github.com/SirsiMaster/sirsi-pantheon/internal/scarab/discovery.go:32.3,32.22 1 1
github.com/SirsiMaster/sirsi-pantheon/internal/scarab/discovery.go:56.43,62.16 4 1
github.com/SirsiMaster/sirsi-pantheon/internal/scarab/discovery.go:62.16,64.3 1 1
github.com/SirsiMaster/sirsi-pantheon/internal/scarab/discovery.go:65.2,75.29 5 1
github.com/SirsiMaster/sirsi-pantheon/internal/scarab/discovery.go:75.29,77.3 1 1
github.com/SirsiMaster/sirsi-pantheon/internal/scarab/discovery.go:78.2,78.30 1 1
github.com/SirsiMaster/sirsi-pantheon/internal/scarab/discovery.go:78.30,79.40 1 1
github.com/SirsiMaster/sirsi-pantheon/internal/scarab/discovery.go:79.40,81.4 1 1
github.com/SirsiMaster/sirsi-pantheon/internal/scarab/discovery.go:81.9,83.4 1 1
github.com/SirsiMaster/sirsi-pantheon/internal/scarab/discovery.go:86.2,86.28 1 1
github.com/SirsiMaster/sirsi-pantheon/internal/scarab/discovery.go:86.28,87.14 1 1
github.com/SirsiMaster/sirsi-pantheon/internal/scarab/discovery.go:87.14,89.4 1 1
github.com/SirsiMaster/sirsi-pantheon/internal/scarab/discovery.go:90.3,90.42 1 1
github.com/SirsiMaster/sirsi-pantheon/internal/scarab/discovery.go:93.2,94.20 2 1
github.com/SirsiMaster/sirsi-pantheon/internal/scarab/discovery.go:98.39,100.2 1 1
github.com/SirsiMaster/sirsi-pantheon/internal/scarab/discovery.go:102.46,104.16 2 1
github.com/SirsiMaster/sirsi-pantheon/internal/scarab/discovery.go:104.16,106.3 1 0
github.com/SirsiMaster/sirsi-pantheon/internal/scarab/discovery.go:108.2,108.31 1 1
github.com/SirsiMaster/sirsi-pantheon/internal/scarab/discovery.go:108.31,109.71 1 1
github.com/SirsiMaster/sirsi-pantheon/internal/scarab/discovery.go:109.71,110.12 1 1
github.com/SirsiMaster/sirsi-pantheon/internal/scarab/discovery.go:112.3,113.17 2 1
github.com/SirsiMaster/sirsi-pantheon/internal/scarab/discovery.go:113.17,114.12 1 0
github.com/SirsiMaster/sirsi-pantheon/internal/scarab/discovery.go:116.3,116.30 1 1
github.com/SirsiMaster/sirsi-pantheon/internal/scarab/discovery.go:116.30,117.42 1 1
github.com/SirsiMaster/sirsi-pantheon/internal/scarab/discovery.go:117.42,118.56 1 1
github.com/SirsiMaster/sirsi-pantheon/internal/scarab/discovery.go:118.56,122.6 3 1
github.com/SirsiMaster/sirsi-pantheon/internal/scarab/discovery.go:126.2,126.60 1 0
github.com/SirsiMaster/sirsi-pantheon/internal/scarab/discovery.go:130.29,132.2 1 1
github.com/SirsiMaster/sirsi-pantheon/internal/scarab/discovery.go:134.36,138.16 3 1
github.com/SirsiMaster/sirsi-pantheon/internal/scarab/discovery.go:138.16,140.3 1 1
github.com/SirsiMaster/sirsi-pantheon/internal/scarab/discovery.go:142.2,142.56 1 1
github.com/SirsiMaster/sirsi-pantheon/internal/scarab/discovery.go:142.56,144.15 2 1
github.com/SirsiMaster/sirsi-pantheon/internal/scarab/discovery.go:144.15,146.4 1 1
github.com/SirsiMaster/sirsi-pantheon/internal/scarab/discovery.go:148.2,148.14 1 1
github.com/SirsiMaster/sirsi-pantheon/internal/scarab/discovery.go:152.38,154.2 1 1
github.com/SirsiMaster/sirsi-pantheon/internal/scarab/discovery.go:156.47,158.16 2 1
github.com/SirsiMaster/sirsi-pantheon/internal/scarab/discovery.go:158.16,160.3 1 1
github.com/SirsiMaster/sirsi-pantheon/internal/scarab/discovery.go:164.2,165.21 2 1
github.com/SirsiMaster/sirsi-pantheon/internal/scarab/discovery.go:165.21,167.3 1 1
github.com/SirsiMaster/sirsi-pantheon/internal/scarab/discovery.go:169.2,171.22 2 1
github.com/SirsiMaster/sirsi-pantheon/internal/scarab/discovery.go:171.22,173.28 1 1
github.com/SirsiMaster/sirsi-pantheon/internal/scarab/discovery.go:173.28,174.62 1 1
github.com/SirsiMaster/sirsi-pantheon/internal/scarab/discovery.go:174.62,176.10 2 1
github.com/SirsiMaster/sirsi-pantheon/internal/scarab/discovery.go:180.3,180.43 1 1
github.com/SirsiMaster/sirsi-pantheon/internal/scarab/discovery.go:180.43,182.4 1 1
github.com/SirsiMaster/sirsi-pantheon/internal/scarab/discovery.go:183.8,187.22 2 1
github.com/SirsiMaster/sirsi-pantheon/internal/scarab/discovery.go:187.22,189.4 1 1
github.com/SirsiMaster/sirsi-pantheon/internal/scarab/discovery.go:192.2,192.32 1 1
github.com/SirsiMaster/sirsi-pantheon/internal/scarab/discovery.go:192.32,194.3 1 0
github.com/SirsiMaster/sirsi-pantheon/internal/scarab/discovery.go:195.2,195.52 1 1
github.com/SirsiMaster/sirsi-pantheon/internal/scarab/discovery.go:195.52,197.3 1 1
github.com/SirsiMaster/sirsi-pantheon/internal/scarab/discovery.go:199.2,203.3 1 1
github.com/SirsiMaster/sirsi-pantheon/internal/scarab/discovery.go:207.38,209.2 1 1
github.com/SirsiMaster/sirsi-pantheon/internal/scarab/discovery.go:211.45,213.16 2 1
github.com/SirsiMaster/sirsi-pantheon/internal/scarab/discovery.go:213.16,215.3 1 1
github.com/SirsiMaster/sirsi-pantheon/internal/scarab/discovery.go:217.2,224.81 5 1
github.com/SirsiMaster/sirsi-pantheon/internal/scarab/discovery.go:224.81,226.34 2 1
github.com/SirsiMaster/sirsi-pantheon/internal/scarab/discovery.go:226.34,227.12 1 1
github.com/SirsiMaster/sirsi-pantheon/internal/scarab/discovery.go:230.3,232.21 3 1
github.com/SirsiMaster/sirsi-pantheon/internal/scarab/discovery.go:232.21,234.17 2 1
github.com/SirsiMaster/sirsi-pantheon/internal/scarab/discovery.go:234.17,234.26 1 1
github.com/SirsiMaster/sirsi-pantheon/internal/scarab/discovery.go:236.4,236.21 1 1
github.com/SirsiMaster/sirsi-pantheon/internal/scarab/discovery.go:236.21,243.5 3 1
github.com/SirsiMaster/sirsi-pantheon/internal/scarab/discovery.go:247.2,248.14 2 1
github.com/SirsiMaster/sirsi-pantheon/internal/scarab/discovery.go:252.31,254.2 1 1
github.com/SirsiMaster/sirsi-pantheon/internal/scarab/discovery.go:256.38,258.22 2 1
github.com/SirsiMaster/sirsi-pantheon/internal/scarab/discovery.go:259.16,260.57 1 1
github.com/SirsiMaster/sirsi-pantheon/internal/scarab/discovery.go:261.15,262.55 1 0
github.com/SirsiMaster/sirsi-pantheon/internal/scarab/discovery.go:263.10,264.15 1 0
github.com/SirsiMaster/sirsi-pantheon/internal/scarab/discovery.go:266.2,266.25 1 1
github.com/SirsiMaster/sirsi-pantheon/internal/scarab/discovery.go:270.29,271.36 1 1
github.com/SirsiMaster/sirsi-pantheon/internal/scarab/discovery.go:271.36,273.16 2 1
github.com/SirsiMaster/sirsi-pantheon/internal/scarab/discovery.go:273.16,274.9 1 1
github.com/SirsiMaster/sirsi-pantheon/internal/scarab/discovery.go:279.31,281.2 1 1
